<?xml version="1.0" encoding="UTF-8"?>
<testng-results ignored="0" total="2" passed="2" failed="0" skipped="0">
  <reporter-output>
  </reporter-output>
  <suite started-at="2022-12-12T14:26:31 CST" name="Suite" finished-at="2022-12-12T14:27:04 CST" duration-ms="33142">
    <groups>
    </groups>
    <test started-at="2022-12-12T14:26:31 CST" name="Testone" finished-at="2022-12-12T14:26:44 CST" duration-ms="13230">
      <class name="TestSuite.OpenApplication">
        <test-method is-config="true" signature="RunningBeforeMethod()[pri:0, instance:TestSuite.OpenApplication@2b48a640]" started-at="2022-12-12T14:26:31 CST" name="RunningBeforeMethod" finished-at="2022-12-12T14:26:39 CST" duration-ms="7875" status="PASS">
          <reporter-output>
          </reporter-output>
        </test-method> <!-- RunningBeforeMethod -->
        <test-method signature="navigation()[pri:0, instance:TestSuite.OpenApplication@2b48a640]" started-at="2022-12-12T14:26:39 CST" name="navigation" finished-at="2022-12-12T14:26:44 CST" duration-ms="5157" status="PASS">
          <reporter-output>
          </reporter-output>
        </test-method> <!-- navigation -->
        <test-method is-config="true" signature="RunningAfterMethod()[pri:0, instance:TestSuite.OpenApplication@2b48a640]" started-at="2022-12-12T14:26:44 CST" name="RunningAfterMethod" finished-at="2022-12-12T14:26:44 CST" duration-ms="155" status="PASS">
          <reporter-output>
          </reporter-output>
        </test-method> <!-- RunningAfterMethod -->
      </class> <!-- TestSuite.OpenApplication -->
    </test> <!-- Testone -->
    <test started-at="2022-12-12T14:26:31 CST" name="Testtwo" finished-at="2022-12-12T14:27:04 CST" duration-ms="33142">
      <class name="TestSuite.Caterpillarhome">
        <test-method is-config="true" signature="RunningBeforeMethod()[pri:0, instance:TestSuite.Caterpillarhome@6404f418]" started-at="2022-12-12T14:26:31 CST" name="RunningBeforeMethod" finished-at="2022-12-12T14:26:33 CST" duration-ms="2397" status="PASS">
          <reporter-output>
          </reporter-output>
        </test-method> <!-- RunningBeforeMethod -->
        <test-method signature="register()[pri:0, instance:TestSuite.Caterpillarhome@6404f418]" started-at="2022-12-12T14:26:33 CST" name="register" finished-at="2022-12-12T14:26:48 CST" duration-ms="14448" status="PASS">
          <reporter-output>
          </reporter-output>
        </test-method> <!-- register -->
        <test-method is-config="true" signature="RunningAfterMethod()[pri:0, instance:TestSuite.Caterpillarhome@6404f418]" started-at="2022-12-12T14:26:48 CST" name="RunningAfterMethod" finished-at="2022-12-12T14:27:04 CST" duration-ms="16258" status="PASS">
          <reporter-output>
          </reporter-output>
        </test-method> <!-- RunningAfterMethod -->
      </class> <!-- TestSuite.Caterpillarhome -->
    </test> <!-- Testtwo -->
  </suite> <!-- Suite -->
</testng-results>
