<?xml version="1.0" encoding="UTF-8"?>
<testng-results ignored="0" total="3" passed="3" failed="0" skipped="0">
  <reporter-output>
  </reporter-output>
  <suite started-at="2022-12-13T11:35:13 CST" name="Suite" finished-at="2022-12-13T11:36:15 CST" duration-ms="62156">
    <groups>
    </groups>
    <test started-at="2022-12-13T11:35:13 CST" name="Testone" finished-at="2022-12-13T11:35:28 CST" duration-ms="15704">
      <class name="TestSuite.OpenApplication">
        <test-method is-config="true" signature="RunningBeforeMethod()[pri:0, instance:TestSuite.OpenApplication@2b48a640]" started-at="2022-12-13T11:35:13 CST" name="RunningBeforeMethod" finished-at="2022-12-13T11:35:22 CST" duration-ms="9370" status="PASS">
          <reporter-output>
          </reporter-output>
        </test-method> <!-- RunningBeforeMethod -->
        <test-method signature="navigation()[pri:2, instance:TestSuite.OpenApplication@2b48a640]" started-at="2022-12-13T11:35:22 CST" name="navigation" finished-at="2022-12-13T11:35:28 CST" duration-ms="6150" status="PASS">
          <reporter-output>
          </reporter-output>
        </test-method> <!-- navigation -->
        <test-method is-config="true" signature="RunningAfterMethod()[pri:0, instance:TestSuite.OpenApplication@2b48a640]" started-at="2022-12-13T11:35:28 CST" name="RunningAfterMethod" finished-at="2022-12-13T11:35:28 CST" duration-ms="147" status="PASS">
          <reporter-output>
          </reporter-output>
        </test-method> <!-- RunningAfterMethod -->
      </class> <!-- TestSuite.OpenApplication -->
    </test> <!-- Testone -->
    <test started-at="2022-12-13T11:35:13 CST" name="Testtwo" finished-at="2022-12-13T11:36:15 CST" duration-ms="62156">
      <class name="TestSuite.Caterpillarhome">
        <test-method is-config="true" signature="RunningBeforeMethod()[pri:0, instance:TestSuite.Caterpillarhome@1de5f259]" started-at="2022-12-13T11:35:13 CST" name="RunningBeforeMethod" finished-at="2022-12-13T11:35:17 CST" duration-ms="4315" status="PASS">
          <reporter-output>
          </reporter-output>
        </test-method> <!-- RunningBeforeMethod -->
        <test-method signature="register()[pri:0, instance:TestSuite.Caterpillarhome@1de5f259]" started-at="2022-12-13T11:35:17 CST" name="register" finished-at="2022-12-13T11:35:33 CST" duration-ms="15789" status="PASS">
          <reporter-output>
          </reporter-output>
        </test-method> <!-- register -->
        <test-method is-config="true" signature="RunningAfterMethod()[pri:0, instance:TestSuite.Caterpillarhome@1de5f259]" started-at="2022-12-13T11:35:33 CST" name="RunningAfterMethod" finished-at="2022-12-13T11:35:49 CST" duration-ms="16193" status="PASS">
          <reporter-output>
          </reporter-output>
        </test-method> <!-- RunningAfterMethod -->
        <test-method is-config="true" signature="RunningBeforeMethod()[pri:0, instance:TestSuite.Caterpillarhome@1de5f259]" started-at="2022-12-13T11:35:49 CST" name="RunningBeforeMethod" finished-at="2022-12-13T11:35:50 CST" duration-ms="1337" status="PASS">
          <reporter-output>
          </reporter-output>
        </test-method> <!-- RunningBeforeMethod -->
        <test-method signature="login()[pri:1, instance:TestSuite.Caterpillarhome@1de5f259]" started-at="2022-12-13T11:35:50 CST" name="login" finished-at="2022-12-13T11:35:59 CST" duration-ms="8278" status="PASS">
          <reporter-output>
          </reporter-output>
        </test-method> <!-- login -->
        <test-method is-config="true" signature="RunningAfterMethod()[pri:0, instance:TestSuite.Caterpillarhome@1de5f259]" started-at="2022-12-13T11:35:59 CST" name="RunningAfterMethod" finished-at="2022-12-13T11:36:15 CST" duration-ms="16209" status="PASS">
          <reporter-output>
          </reporter-output>
        </test-method> <!-- RunningAfterMethod -->
      </class> <!-- TestSuite.Caterpillarhome -->
    </test> <!-- Testtwo -->
  </suite> <!-- Suite -->
</testng-results>
